<?xml version="1.0" encoding="UTF-8"?>
<!-- Generated by org.testng.reporters.JUnitReportReporter -->
<testsuite skipped="0" hostname="lenovo-PC" name="tests.ChkBoxTest" tests="6" failures="0" timestamp="30 Aug 2021 12:33:30 GMT" time="35.915" errors="0">
  <testcase name="verifyEnergyCombinationChkBox" time="6.138" classname="tests.ChkBoxTest"/>
  <testcase name="verifyCityChkBoxSelection" time="5.743" classname="tests.ChkBoxTest"/>
  <testcase name="verifyEnergyCombinationChkBox" time="6.166" classname="tests.ChkBoxTest"/>
  <testcase name="verifyCityChkBoxSelection" time="5.755" classname="tests.ChkBoxTest"/>
  <testcase name="verifyCityChkBoxSelection" time="5.904" classname="tests.ChkBoxTest"/>
  <testcase name="verifyEnergyCombinationChkBox" time="6.209" classname="tests.ChkBoxTest"/>
</testsuite> <!-- tests.ChkBoxTest -->
