<?xml version="1.0" encoding="UTF-8"?>
<!-- Generated by org.testng.reporters.JUnitReportReporter -->
<testsuite skipped="0" hostname="lenovo-PC" name="tests.UICheckTest" tests="1" failures="0" timestamp="30 Aug 2021 12:33:30 GMT" time="5.414" errors="0">
  <testcase name="verifyFormPageUI" time="5.414" classname="tests.UICheckTest"/>
</testsuite> <!-- tests.UICheckTest -->
