<?xml version="1.0" encoding="UTF-8"?>
<!-- Generated by org.testng.reporters.JUnitReportReporter -->
<testsuite skipped="0" hostname="lenovo-PC" name="tests.RadioBtnTest" tests="11" failures="0" timestamp="30 Aug 2021 12:33:30 GMT" time="63.679" errors="0">
  <testcase name="verifyEngeryCombinationRadioBtnChk" time="6.087" classname="tests.RadioBtnTest"/>
  <testcase name="verifyEnegrylblChk" time="5.908" classname="tests.RadioBtnTest"/>
  <testcase name="verifyScoreChk" time="5.801" classname="tests.RadioBtnTest"/>
  <testcase name="verifyEnegrylblChk" time="5.822" classname="tests.RadioBtnTest"/>
  <testcase name="verifyScoreChk" time="5.873" classname="tests.RadioBtnTest"/>
  <testcase name="verifyEnegrylblChk" time="5.911" classname="tests.RadioBtnTest"/>
  <testcase name="verifyScoreChk" time="5.800" classname="tests.RadioBtnTest"/>
  <testcase name="verifyEngeryCombinationRadioBtnChk" time="6.580" classname="tests.RadioBtnTest"/>
  <testcase name="verifyScoreChk" time="5.981" classname="tests.RadioBtnTest"/>
  <testcase name="verifyEngeryCombinationRadioBtnChk" time="3.646" classname="tests.RadioBtnTest"/>
  <testcase name="verifyEnegrylblChk" time="6.270" classname="tests.RadioBtnTest"/>
</testsuite> <!-- tests.RadioBtnTest -->
