<?xml version="1.0" encoding="UTF-8"?>
<!-- Generated by org.testng.reporters.JUnitReportReporter -->
<testsuite skipped="0" hostname="lenovo-PC" name="tests.ChkBoxBtnTest" tests="11" failures="0" timestamp="30 Aug 2021 04:51:15 GMT" time="62.634" errors="0">
  <testcase name="verifyEngeryCombinationChk" time="6.549" classname="tests.ChkBoxBtnTest"/>
  <testcase name="verifyEnegrylblChk" time="3.513" classname="tests.ChkBoxBtnTest"/>
  <testcase name="verifyScoreChk" time="5.778" classname="tests.ChkBoxBtnTest"/>
  <testcase name="verifyEngeryCombinationChk" time="6.284" classname="tests.ChkBoxBtnTest"/>
  <testcase name="verifyScoreChk" time="5.758" classname="tests.ChkBoxBtnTest"/>
  <testcase name="verifyEnegrylblChk" time="5.578" classname="tests.ChkBoxBtnTest"/>
  <testcase name="verifyEngeryCombinationChk" time="6.206" classname="tests.ChkBoxBtnTest"/>
  <testcase name="verifyEnegrylblChk" time="5.743" classname="tests.ChkBoxBtnTest"/>
  <testcase name="verifyScoreChk" time="5.421" classname="tests.ChkBoxBtnTest"/>
  <testcase name="verifyEnegrylblChk" time="6.302" classname="tests.ChkBoxBtnTest"/>
  <testcase name="verifyScoreChk" time="5.502" classname="tests.ChkBoxBtnTest"/>
</testsuite> <!-- tests.ChkBoxBtnTest -->
