<?xml version="1.0" encoding="UTF-8"?>
<!-- Generated by org.testng.reporters.JUnitReportReporter -->
<testsuite skipped="0" hostname="lenovo-PC" name="tests.InputTest" tests="2" failures="0" timestamp="30 Aug 2021 12:33:30 GMT" time="11.644" errors="0">
  <testcase name="verifyAsciiCharacterInput" time="5.439" classname="tests.InputTest"/>
  <testcase name="verifyDateInput" time="6.205" classname="tests.InputTest"/>
</testsuite> <!-- tests.InputTest -->
