<?xml version="1.0" encoding="UTF-8"?>
<!-- Generated by org.testng.reporters.JUnitReportReporter -->
<testsuite skipped="0" hostname="lenovo-PC" name="tests.DropDwnTest" tests="3" failures="0" timestamp="30 Aug 2021 12:33:30 GMT" time="18.683" errors="0">
  <testcase name="verifyDropDownTest" time="6.175" classname="tests.DropDwnTest"/>
  <testcase name="verifyDropDownTest" time="6.041" classname="tests.DropDwnTest"/>
  <testcase name="verifyDropDownTest" time="6.467" classname="tests.DropDwnTest"/>
</testsuite> <!-- tests.DropDwnTest -->
