<?xml version="1.0" encoding="UTF-8"?>
<!-- Generated by org.testng.reporters.JUnitReportReporter -->
<testsuite skipped="0" hostname="lenovo-PC" name="tests.DateTest" tests="1" failures="0" timestamp="30 Aug 2021 02:47:26 GMT" time="11.489" errors="0">
  <testcase name="f" time="11.489" classname="tests.DateTest"/>
</testsuite> <!-- tests.DateTest -->
